<?xml version="1.0" encoding="UTF-8"?>
<!-- Generated by org.testng.reporters.JUnitXMLReporter -->
<testsuite hostname="Marifats-MacBook-Pro.local" ignored="2" name="Default test" tests="1" failures="0" timestamp="15 Mar 2018 18:31:23 GMT" time="36.532" errors="0">
  <testcase name="calculatingValuesAfterSelecting" time="32.278" classname="com.weatherbase.tests.HomePageTesting"/>
  <testcase name="afterSelectingDailyAverage" time="0.0" classname="com.weatherbase.tests.HomePageTesting">
    <ignored/>
  </testcase> <!-- afterSelectingDailyAverage -->
  <testcase name="selectingDailyAvearges" time="0.0" classname="com.weatherbase.tests.HomePageTesting">
    <ignored/>
  </testcase> <!-- selectingDailyAvearges -->
</testsuite> <!-- Default test -->
