<?xml version="1.0" encoding="UTF-8"?>
<!-- Generated by org.testng.reporters.JUnitXMLReporter -->
<testsuite hostname="Marifats-MacBook-Pro.local" ignored="1" name="Default test" tests="1" failures="0" timestamp="14 Mar 2018 21:47:28 GMT" time="20.716" errors="0">
  <testcase name="afterSelectingDailyAverage" time="16.063" classname="com.weatherbase.tests.HomePageTesting"/>
  <testcase name="selectingDailyAvearges" time="0.0" classname="com.weatherbase.tests.HomePageTesting">
    <ignored/>
  </testcase> <!-- selectingDailyAvearges -->
</testsuite> <!-- Default test -->
