<?xml version="1.0" encoding="UTF-8"?>
<testng-results skipped="0" failed="0" ignored="2" total="3" passed="1">
  <reporter-output>
  </reporter-output>
  <suite name="Default suite" duration-ms="36532" started-at="2018-03-15T18:30:46Z" finished-at="2018-03-15T18:31:23Z">
    <groups>
    </groups>
    <test name="Default test" duration-ms="36532" started-at="2018-03-15T18:30:46Z" finished-at="2018-03-15T18:31:23Z">
      <class name="com.weatherbase.tests.HomePageTesting">
        <test-method status="PASS" signature="setUp(java.lang.String)[pri:0, instance:com.weatherbase.tests.HomePageTesting@685cb137]" name="setUp" is-config="true" duration-ms="4071" started-at="2018-03-15T18:30:46Z" finished-at="2018-03-15T18:30:50Z">
          <params>
            <param index="0">
              <value is-null="true"/>
            </param>
          </params>
          <reporter-output>
          </reporter-output>
        </test-method> <!-- setUp -->
        <test-method status="PASS" signature="calculatingValuesAfterSelecting()[pri:2, instance:com.weatherbase.tests.HomePageTesting@685cb137]" name="calculatingValuesAfterSelecting" duration-ms="32278" started-at="2018-03-15T18:30:50Z" finished-at="2018-03-15T18:31:23Z">
          <reporter-output>
          </reporter-output>
        </test-method> <!-- calculatingValuesAfterSelecting -->
        <test-method status="PASS" signature="tearDown()[pri:0, instance:com.weatherbase.tests.HomePageTesting@685cb137]" name="tearDown" is-config="true" duration-ms="143" started-at="2018-03-15T18:31:23Z" finished-at="2018-03-15T18:31:23Z">
          <reporter-output>
          </reporter-output>
        </test-method> <!-- tearDown -->
      </class> <!-- com.weatherbase.tests.HomePageTesting -->
    </test> <!-- Default test -->
  </suite> <!-- Default suite -->
</testng-results>
