<?xml version="1.0" encoding="UTF-8"?>
<testng-results skipped="0" failed="1" ignored="0" total="1" passed="0">
  <reporter-output>
  </reporter-output>
  <suite name="Default suite" duration-ms="32029" started-at="2018-03-14T17:58:41Z" finished-at="2018-03-14T17:59:13Z">
    <groups>
    </groups>
    <test name="Default test" duration-ms="32029" started-at="2018-03-14T17:58:41Z" finished-at="2018-03-14T17:59:13Z">
      <class name="com.weatherbase.tests.HomePageTesting">
        <test-method status="PASS" signature="setUp(java.lang.String)[pri:0, instance:com.weatherbase.tests.HomePageTesting@5c3bd550]" name="setUp" is-config="true" duration-ms="4592" started-at="2018-03-14T17:58:41Z" finished-at="2018-03-14T17:58:45Z">
          <params>
            <param index="0">
              <value is-null="true"/>
            </param>
          </params>
          <reporter-output>
          </reporter-output>
        </test-method> <!-- setUp -->
        <test-method status="FAIL" signature="test()[pri:0, instance:com.weatherbase.tests.HomePageTesting@5c3bd550]" name="test" duration-ms="27390" started-at="2018-03-14T17:58:45Z" finished-at="2018-03-14T17:59:13Z">
          <exception class="org.openqa.selenium.InvalidSelectorException">
            <message>
              <![CDATA[invalid selector: Unable to locate an element with the xpath expression //div[@id='left1']//table//thead//tr" because of the following error:
SyntaxError: Failed to execute 'evaluate' on 'Document': The string '//div[@id='left1']//table//thead//tr"' is not a valid XPath expression.
  (Session info: chrome=64.0.3282.186)
  (Driver info: chromedriver=2.36.540469 (1881fd7f8641508feb5166b7cae561d87723cfa8),platform=Mac OS X 10.13.3 x86_64) (WARNING: The server did not provide any stacktrace information)
Command duration or timeout: 0 milliseconds
For documentation on this error, please visit: http://seleniumhq.org/exceptions/invalid_selector_exception.html
Build info: version: '3.11.0', revision: 'e59cfb3', time: '2018-03-11T20:26:55.152Z'
System info: host: 'Marifats-MacBook-Pro.local', ip: 'fe80:0:0:0:6:b2e9:932f:c569%en0', os.name: 'Mac OS X', os.arch: 'x86_64', os.version: '10.13.3', java.version: '1.8.0_152'
Driver info: org.openqa.selenium.chrome.ChromeDriver
Capabilities {acceptInsecureCerts: false, acceptSslCerts: false, applicationCacheEnabled: false, browserConnectionEnabled: false, browserName: chrome, chrome: {chromedriverVersion: 2.36.540469 (1881fd7f864150..., userDataDir: /var/folders/w9/rx1tq0612jl...}, cssSelectorsEnabled: true, databaseEnabled: false, handlesAlerts: true, hasTouchScreen: false, javascriptEnabled: true, locationContextEnabled: true, mobileEmulationEnabled: false, nativeEvents: true, networkConnectionEnabled: false, pageLoadStrategy: normal, platform: MAC, platformName: MAC, rotatable: false, setWindowRect: true, takesHeapSnapshot: true, takesScreenshot: true, unexpectedAlertBehaviour: , unhandledPromptBehavior: , version: 64.0.3282.186, webStorageEnabled: true}
Session ID: 64a4183220ccec1930e3c176d8eeca2a
*** Element info: {Using=xpath, value=//div[@id='left1']//table//thead//tr"}]]>
            </message>
            <full-stacktrace>
              <![CDATA[org.openqa.selenium.InvalidSelectorException: invalid selector: Unable to locate an element with the xpath expression //div[@id='left1']//table//thead//tr" because of the following error:
SyntaxError: Failed to execute 'evaluate' on 'Document': The string '//div[@id='left1']//table//thead//tr"' is not a valid XPath expression.
  (Session info: chrome=64.0.3282.186)
  (Driver info: chromedriver=2.36.540469 (1881fd7f8641508feb5166b7cae561d87723cfa8),platform=Mac OS X 10.13.3 x86_64) (WARNING: The server did not provide any stacktrace information)
Command duration or timeout: 0 milliseconds
For documentation on this error, please visit: http://seleniumhq.org/exceptions/invalid_selector_exception.html
Build info: version: '3.11.0', revision: 'e59cfb3', time: '2018-03-11T20:26:55.152Z'
System info: host: 'Marifats-MacBook-Pro.local', ip: 'fe80:0:0:0:6:b2e9:932f:c569%en0', os.name: 'Mac OS X', os.arch: 'x86_64', os.version: '10.13.3', java.version: '1.8.0_152'
Driver info: org.openqa.selenium.chrome.ChromeDriver
Capabilities {acceptInsecureCerts: false, acceptSslCerts: false, applicationCacheEnabled: false, browserConnectionEnabled: false, browserName: chrome, chrome: {chromedriverVersion: 2.36.540469 (1881fd7f864150..., userDataDir: /var/folders/w9/rx1tq0612jl...}, cssSelectorsEnabled: true, databaseEnabled: false, handlesAlerts: true, hasTouchScreen: false, javascriptEnabled: true, locationContextEnabled: true, mobileEmulationEnabled: false, nativeEvents: true, networkConnectionEnabled: false, pageLoadStrategy: normal, platform: MAC, platformName: MAC, rotatable: false, setWindowRect: true, takesHeapSnapshot: true, takesScreenshot: true, unexpectedAlertBehaviour: , unhandledPromptBehavior: , version: 64.0.3282.186, webStorageEnabled: true}
Session ID: 64a4183220ccec1930e3c176d8eeca2a
*** Element info: {Using=xpath, value=//div[@id='left1']//table//thead//tr"}
at sun.reflect.NativeConstructorAccessorImpl.newInstance0(Native Method)
at sun.reflect.NativeConstructorAccessorImpl.newInstance(NativeConstructorAccessorImpl.java:62)
at sun.reflect.DelegatingConstructorAccessorImpl.newInstance(DelegatingConstructorAccessorImpl.java:45)
at java.lang.reflect.Constructor.newInstance(Constructor.java:423)
at org.openqa.selenium.remote.ErrorHandler.createThrowable(ErrorHandler.java:214)
at org.openqa.selenium.remote.ErrorHandler.throwIfResponseFailed(ErrorHandler.java:166)
at org.openqa.selenium.remote.http.JsonHttpResponseCodec.reconstructValue(JsonHttpResponseCodec.java:40)
at org.openqa.selenium.remote.http.AbstractHttpResponseCodec.decode(AbstractHttpResponseCodec.java:80)
at org.openqa.selenium.remote.http.AbstractHttpResponseCodec.decode(AbstractHttpResponseCodec.java:44)
at org.openqa.selenium.remote.HttpCommandExecutor.execute(HttpCommandExecutor.java:158)
at org.openqa.selenium.remote.service.DriverCommandExecutor.execute(DriverCommandExecutor.java:83)
at org.openqa.selenium.remote.RemoteWebDriver.execute(RemoteWebDriver.java:545)
at org.openqa.selenium.remote.RemoteWebDriver.findElements(RemoteWebDriver.java:346)
at org.openqa.selenium.remote.RemoteWebDriver.findElementsByXPath(RemoteWebDriver.java:425)
at org.openqa.selenium.By$ByXPath.findElements(By.java:356)
at org.openqa.selenium.remote.RemoteWebDriver.findElements(RemoteWebDriver.java:307)
at com.weatherbase.page.HomePage.listOfTables(HomePage.java:47)
at com.weatherbase.tests.HomePageTesting.test(HomePageTesting.java:27)
at sun.reflect.NativeMethodAccessorImpl.invoke0(Native Method)
at sun.reflect.NativeMethodAccessorImpl.invoke(NativeMethodAccessorImpl.java:62)
at sun.reflect.DelegatingMethodAccessorImpl.invoke(DelegatingMethodAccessorImpl.java:43)
at java.lang.reflect.Method.invoke(Method.java:498)
at org.testng.internal.MethodInvocationHelper.invokeMethod(MethodInvocationHelper.java:124)
at org.testng.internal.Invoker.invokeMethod(Invoker.java:580)
at org.testng.internal.Invoker.invokeTestMethod(Invoker.java:716)
at org.testng.internal.Invoker.invokeTestMethods(Invoker.java:988)
at org.testng.internal.TestMethodWorker.invokeTestMethods(TestMethodWorker.java:125)
at org.testng.internal.TestMethodWorker.run(TestMethodWorker.java:109)
at org.testng.TestRunner.privateRun(TestRunner.java:648)
at org.testng.TestRunner.run(TestRunner.java:505)
at org.testng.SuiteRunner.runTest(SuiteRunner.java:455)
at org.testng.SuiteRunner.runSequentially(SuiteRunner.java:450)
at org.testng.SuiteRunner.privateRun(SuiteRunner.java:415)
at org.testng.SuiteRunner.run(SuiteRunner.java:364)
at org.testng.SuiteRunnerWorker.runSuite(SuiteRunnerWorker.java:52)
at org.testng.SuiteRunnerWorker.run(SuiteRunnerWorker.java:84)
at org.testng.TestNG.runSuitesSequentially(TestNG.java:1208)
at org.testng.TestNG.runSuitesLocally(TestNG.java:1137)
at org.testng.TestNG.runSuites(TestNG.java:1049)
at org.testng.TestNG.run(TestNG.java:1017)
at org.testng.remote.AbstractRemoteTestNG.run(AbstractRemoteTestNG.java:114)
at org.testng.remote.RemoteTestNG.initAndRun(RemoteTestNG.java:251)
at org.testng.remote.RemoteTestNG.main(RemoteTestNG.java:77)
]]>
            </full-stacktrace>
          </exception> <!-- org.openqa.selenium.InvalidSelectorException -->
          <reporter-output>
          </reporter-output>
        </test-method> <!-- test -->
        <test-method status="PASS" signature="tearDown()[pri:0, instance:com.weatherbase.tests.HomePageTesting@5c3bd550]" name="tearDown" is-config="true" duration-ms="0" started-at="2018-03-14T17:59:13Z" finished-at="2018-03-14T17:59:13Z">
          <reporter-output>
          </reporter-output>
        </test-method> <!-- tearDown -->
      </class> <!-- com.weatherbase.tests.HomePageTesting -->
    </test> <!-- Default test -->
  </suite> <!-- Default suite -->
</testng-results>
