<?xml version="1.0" encoding="UTF-8"?>
<!-- Generated by org.testng.reporters.JUnitXMLReporter -->
<testsuite hostname="Marifats-MacBook-Pro.local" ignored="1" name="HomePageTesting" tests="1" failures="0" timestamp="14 Mar 2018 22:51:28 GMT" time="34.855" errors="0">
  <testcase name="selectingDailyAvearges" time="30.922" classname="com.weatherbase.tests.HomePageTesting"/>
  <testcase name="afterSelectingDailyAverage" time="0.0" classname="com.weatherbase.tests.HomePageTesting">
    <ignored/>
  </testcase> <!-- afterSelectingDailyAverage -->
</testsuite> <!-- HomePageTesting -->
